<?xml version="1.0" encoding="UTF-8"?>
<!-- Generated by org.testng.reporters.JUnitReportReporter -->
<testsuite skipped="0" hostname="DESKTOP-H71F7AL" name="com.jbkoffline.qa.testcases.UsersPageTest" tests="1" failures="0" timestamp="31 May 2019 05:16:03 GMT" time="20.325" errors="0">
  <testcase name="validateAddNewUsersTest" time="20.325" classname="com.jbkoffline.qa.testcases.UsersPageTest"/>
</testsuite> <!-- com.jbkoffline.qa.testcases.UsersPageTest -->
