<?xml version="1.0" encoding="UTF-8"?>
<!-- Generated by org.testng.reporters.JUnitReportReporter -->
<testsuite skipped="0" hostname="LAPTOP-T2D0RNDH" name="com.jbkoffline.qa.testcases.OperatorsPageTest" tests="2" failures="0" timestamp="20 Apr 2019 12:14:59 GMT" time="41.116" errors="0">
  <testcase name="verifyOperatorsTableTest" time="30.212" classname="com.jbkoffline.qa.testcases.OperatorsPageTest"/>
  <testcase name="LogOutTest" time="10.904" classname="com.jbkoffline.qa.testcases.OperatorsPageTest"/>
</testsuite> <!-- com.jbkoffline.qa.testcases.OperatorsPageTest -->
