<?xml version="1.0" encoding="UTF-8"?>
<!-- Generated by org.testng.reporters.JUnitReportReporter -->
<testsuite skipped="0" hostname="DESKTOP-H71F7AL" name="com.jbkoffline.qa.testcases.LoginPageTest" tests="1" failures="0" timestamp="19 Jun 2019 09:13:20 GMT" time="8.533" errors="0">
  <testcase name="loginPageTitleTest" time="8.533" classname="com.jbkoffline.qa.testcases.LoginPageTest"/>
</testsuite> <!-- com.jbkoffline.qa.testcases.LoginPageTest -->
