<?xml version="1.0" encoding="UTF-8"?>
<!-- Generated by org.testng.reporters.JUnitReportReporter -->
<testsuite skipped="0" hostname="LAPTOP-T2D0RNDH" name="com.jbkoffline.qa.testcases.RegisterPageTest" tests="2" failures="0" timestamp="20 Apr 2019 12:14:59 GMT" time="18.731" errors="0">
  <testcase name="verifyRegisterPageTitleTest" time="9.191" classname="com.jbkoffline.qa.testcases.RegisterPageTest"/>
  <testcase name="EnterRegisterUserDetails" time="9.540" classname="com.jbkoffline.qa.testcases.RegisterPageTest"/>
</testsuite> <!-- com.jbkoffline.qa.testcases.RegisterPageTest -->
