<?xml version="1.0" encoding="UTF-8"?>
<!-- Generated by org.testng.reporters.JUnitReportReporter -->
<testsuite skipped="0" hostname="LAPTOP-T2D0RNDH" name="com.jbkoffline.qa.testcases.HomePageTest" tests="3" failures="0" timestamp="20 Apr 2019 12:14:59 GMT" time="30.383" errors="0">
  <testcase name="verifyHomePageTitleTest" time="14.708" classname="com.jbkoffline.qa.testcases.HomePageTest"/>
  <testcase name="verifyUsersLinkTest" time="8.585" classname="com.jbkoffline.qa.testcases.HomePageTest"/>
  <testcase name="verifyOperatorsLinkTest" time="7.090" classname="com.jbkoffline.qa.testcases.HomePageTest"/>
</testsuite> <!-- com.jbkoffline.qa.testcases.HomePageTest -->
