<?xml version="1.0" encoding="UTF-8"?>
<!-- Generated by org.testng.reporters.JUnitReportReporter -->
<testsuite skipped="0" hostname="LAPTOP-T2D0RNDH" name="com.jbkoffline.qa.testcases.LoginPageTest" tests="3" failures="0" timestamp="18 Apr 2019 12:22:32 GMT" time="24.995" errors="0">
  <testcase name="loginPageTitleTest" time="9.611" classname="com.jbkoffline.qa.testcases.LoginPageTest"/>
  <testcase name="urlLogoTest" time="5.777" classname="com.jbkoffline.qa.testcases.LoginPageTest"/>
  <testcase name="loginTest" time="9.607" classname="com.jbkoffline.qa.testcases.LoginPageTest"/>
</testsuite> <!-- com.jbkoffline.qa.testcases.LoginPageTest -->
