<?xml version="1.0" encoding="UTF-8"?>
<!-- Generated by org.testng.reporters.JUnitReportReporter -->
<testsuite skipped="0" hostname="LAPTOP-T2D0RNDH" name="com.jbkoffline.qa.testcases.OperatorsPageTest" tests="2" failures="0" timestamp="18 Apr 2019 12:22:32 GMT" time="39.634" errors="0">
  <testcase name="verifyOperatorsTableTest" time="31.878" classname="com.jbkoffline.qa.testcases.OperatorsPageTest"/>
  <testcase name="LogOutTest" time="7.756" classname="com.jbkoffline.qa.testcases.OperatorsPageTest"/>
</testsuite> <!-- com.jbkoffline.qa.testcases.OperatorsPageTest -->
