<?xml version="1.0" encoding="UTF-8"?>
<!-- Generated by org.testng.reporters.JUnitReportReporter -->
<testsuite skipped="0" hostname="LAPTOP-T2D0RNDH" name="com.jbkoffline.qa.testcases.HomePageTest" tests="3" failures="0" timestamp="18 Apr 2019 12:22:32 GMT" time="50.282" errors="0">
  <testcase name="verifyHomePageTitleTest" time="11.155" classname="com.jbkoffline.qa.testcases.HomePageTest"/>
  <testcase name="verifyUsersLinkTest" time="31.256" classname="com.jbkoffline.qa.testcases.HomePageTest"/>
  <testcase name="verifyOperatorsLinkTest" time="7.871" classname="com.jbkoffline.qa.testcases.HomePageTest"/>
</testsuite> <!-- com.jbkoffline.qa.testcases.HomePageTest -->
