<?xml version="1.0" encoding="UTF-8"?>
<!-- Generated by org.testng.reporters.JUnitReportReporter -->
<testsuite skipped="0" hostname="LAPTOP-T2D0RNDH" name="com.jbkoffline.qa.testcases.RegisterPageTest" tests="2" failures="0" timestamp="18 Apr 2019 12:22:32 GMT" time="17.065" errors="0">
  <testcase name="verifyRegisterPageTitleTest" time="8.125" classname="com.jbkoffline.qa.testcases.RegisterPageTest"/>
  <testcase name="EnterRegisterUserDetails" time="8.940" classname="com.jbkoffline.qa.testcases.RegisterPageTest"/>
</testsuite> <!-- com.jbkoffline.qa.testcases.RegisterPageTest -->
