<?xml version="1.0" encoding="UTF-8"?>
<!-- Generated by org.testng.reporters.JUnitReportReporter -->
<testsuite skipped="0" hostname="LAPTOP-T2D0RNDH" name="com.jbkoffline.qa.testcases.UsersPageTest" tests="2" failures="0" timestamp="18 Apr 2019 12:22:32 GMT" time="23.268" errors="0">
  <testcase name="verifyUsersPageLabelTest" time="10.935" classname="com.jbkoffline.qa.testcases.UsersPageTest"/>
  <testcase name="validateAddNewUsersTest" time="12.333" classname="com.jbkoffline.qa.testcases.UsersPageTest"/>
</testsuite> <!-- com.jbkoffline.qa.testcases.UsersPageTest -->
